[    1771ms] [INFO] %cDownload the React DevTools for a better development experience: https://react.dev/link/react-devtools font-weight:bold @ http://localhost:5173/node_modules/.vite/deps/react-dom_client.js?v=9677c0e1:14336
[  231534ms] [ERROR] Failed to load resource: the server responded with a status of 500 (Internal Server Error) @ http://localhost:5173/src/components/HeroSequence.tsx?t=1775214147658:0
[  231536ms] [ERROR] [vite] Failed to reload /src/components/HeroSequence.tsx. This could be due to syntax errors or importing non-existent modules. (see errors above) @ http://localhost:5173/@vite/client:904
[  729032ms] [INFO] %cDownload the React DevTools for a better development experience: https://react.dev/link/react-devtools font-weight:bold @ http://localhost:5173/node_modules/.vite/deps/react-dom_client.js?v=9677c0e1:14336
[  813376ms] [INFO] %cDownload the React DevTools for a better development experience: https://react.dev/link/react-devtools font-weight:bold @ http://localhost:5173/node_modules/.vite/deps/react-dom_client.js?v=9677c0e1:14336
[  933527ms] NotFoundError: Failed to execute 'removeChild' on 'Node': The node to be removed is not a child of this node.
    at removeChild (http://localhost:5173/node_modules/.vite/deps/react-dom_client.js?v=9677c0e1:10584:19)
    at runWithFiberInDEV (http://localhost:5173/node_modules/.vite/deps/react-dom_client.js?v=9677c0e1:850:66)
    at commitDeletionEffectsOnFiber (http://localhost:5173/node_modules/.vite/deps/react-dom_client.js?v=9677c0e1:7110:7)
    at recursivelyTraverseDeletionEffects (http://localhost:5173/node_modules/.vite/deps/react-dom_client.js?v=9677c0e1:7072:50)
    at commitDeletionEffectsOnFiber (http://localhost:5173/node_modules/.vite/deps/react-dom_client.js?v=9677c0e1:7133:6)
    at recursivelyTraverseMutationEffects (http://localhost:5173/node_modules/.vite/deps/react-dom_client.js?v=9677c0e1:7222:5)
    at commitMutationEffectsOnFiber (http://localhost:5173/node_modules/.vite/deps/react-dom_client.js?v=9677c0e1:7318:6)
    at recursivelyTraverseMutationEffects (http://localhost:5173/node_modules/.vite/deps/react-dom_client.js?v=9677c0e1:7232:103)
    at commitMutationEffectsOnFiber (http://localhost:5173/node_modules/.vite/deps/react-dom_client.js?v=9677c0e1:7241:6)
    at recursivelyTraverseMutationEffects (http://localhost:5173/node_modules/.vite/deps/react-dom_client.js?v=9677c0e1:7232:103)
[  933524ms] [WARNING] %s

%s
 An error occurred in the <div> component. Consider adding an error boundary to your tree to customize error handling behavior.
Visit https://react.dev/link/error-boundaries to learn more about error boundaries. @ http://localhost:5173/node_modules/.vite/deps/react-dom_client.js?v=9677c0e1:5256
[  944635ms] [WARNING] GSAP target null not found. https://gsap.com @ http://localhost:5173/node_modules/.vite/deps/gsap.js?v=04d0dc09:48
[  944639ms] [WARNING] GSAP target  not found. https://gsap.com @ http://localhost:5173/node_modules/.vite/deps/gsap.js?v=04d0dc09:48
[  944640ms] [WARNING] GSAP target null not found. https://gsap.com @ http://localhost:5173/node_modules/.vite/deps/gsap.js?v=04d0dc09:48
[  944641ms] [WARNING] GSAP target null not found. https://gsap.com @ http://localhost:5173/node_modules/.vite/deps/gsap.js?v=04d0dc09:48
[  944641ms] [WARNING] GSAP target  not found. https://gsap.com @ http://localhost:5173/node_modules/.vite/deps/gsap.js?v=04d0dc09:48
[  944759ms] [WARNING] GSAP target  not found. https://gsap.com @ http://localhost:5173/node_modules/.vite/deps/gsap.js?v=04d0dc09:48
[  944760ms] [WARNING] GSAP target  not found. https://gsap.com @ http://localhost:5173/node_modules/.vite/deps/gsap.js?v=04d0dc09:48
[  944780ms] [WARNING] GSAP target  not found. https://gsap.com @ http://localhost:5173/node_modules/.vite/deps/gsap.js?v=04d0dc09:48
[  944780ms] [WARNING] GSAP target  not found. https://gsap.com @ http://localhost:5173/node_modules/.vite/deps/gsap.js?v=04d0dc09:48
